<?xml version="1.0" encoding="UTF-8"?>
<testng-results ignored="0" total="1" passed="1" failed="0" skipped="0">
  <reporter-output>
  </reporter-output>
  <suite started-at="2023-07-15T11:09:58 IST" name="Default suite" finished-at="2023-07-15T11:10:11 IST" duration-ms="13287">
    <groups>
    </groups>
    <test started-at="2023-07-15T11:09:58 IST" name="Default test" finished-at="2023-07-15T11:10:11 IST" duration-ms="13287">
      <class name="testScripts.troubleTicket">
        <test-method is-config="true" signature="LauchingBrowser()[pri:0, instance:testScripts.troubleTicket@6340e5f0]" started-at="2023-07-15T11:09:58 IST" name="LauchingBrowser" finished-at="2023-07-15T11:10:00 IST" duration-ms="2565" status="PASS">
          <reporter-output>
          </reporter-output>
        </test-method> <!-- LauchingBrowser -->
        <test-method is-config="true" signature="navigatingToApplication()[pri:0, instance:testScripts.troubleTicket@6340e5f0]" started-at="2023-07-15T11:10:00 IST" name="navigatingToApplication" finished-at="2023-07-15T11:10:03 IST" duration-ms="2350" status="PASS">
          <reporter-output>
          </reporter-output>
        </test-method> <!-- navigatingToApplication -->
        <test-method signature="trobleTicket()[pri:0, instance:testScripts.troubleTicket@6340e5f0]" started-at="2023-07-15T11:10:03 IST" name="trobleTicket" finished-at="2023-07-15T11:10:10 IST" duration-ms="6661" status="PASS">
          <reporter-output>
          </reporter-output>
        </test-method> <!-- trobleTicket -->
        <test-method is-config="true" signature="tearDownMethod()[pri:0, instance:testScripts.troubleTicket@6340e5f0]" started-at="2023-07-15T11:10:10 IST" name="tearDownMethod" finished-at="2023-07-15T11:10:11 IST" duration-ms="1670" status="PASS">
          <reporter-output>
          </reporter-output>
        </test-method> <!-- tearDownMethod -->
      </class> <!-- testScripts.troubleTicket -->
    </test> <!-- Default test -->
  </suite> <!-- Default suite -->
</testng-results>
